<?xml version="1.0" encoding="UTF-8"?>
<!-- Generated by org.testng.reporters.JUnitReportReporter -->
<testsuite skipped="0" hostname="DESKTOP-CTRJ7QU" name="com.crm.autodesk.campaignTest.CreateCampaignWithProductTest" tests="1" failures="0" timestamp="2022-03-23T10:24:19 IST" time="30.372" errors="0">
  <testcase name="createCampWithProductTest" time="30.372" classname="com.crm.autodesk.campaignTest.CreateCampaignWithProductTest"/>
  <system-out/>
</testsuite> <!-- com.crm.autodesk.campaignTest.CreateCampaignWithProductTest -->
