<?xml version="1.0" encoding="UTF-8"?>
<!-- Generated by org.testng.reporters.JUnitReportReporter -->
<testsuite skipped="0" hostname="DESKTOP-CTRJ7QU" name="com.crm.autodesk.productsTest.SearchProductByProductNameTest" tests="1" failures="0" timestamp="2022-03-23T10:24:19 IST" time="23.105" errors="0">
  <testcase name="searchProductByProductNameTest" time="23.105" classname="com.crm.autodesk.productsTest.SearchProductByProductNameTest"/>
  <system-out/>
</testsuite> <!-- com.crm.autodesk.productsTest.SearchProductByProductNameTest -->
