<?xml version="1.0" encoding="UTF-8"?>
<!-- Generated by org.testng.reporters.JUnitReportReporter -->
<testsuite skipped="0" hostname="DESKTOP-CTRJ7QU" name="practice.TestNGTopics" tests="3" failures="0" timestamp="2022-03-11T15:13:10 IST" time="0.020" errors="0">
  <testcase name="A" time="0.017" classname="practice.TestNGTopics"/>
  <system-out/>
  <testcase name="C" time="0.001" classname="practice.TestNGTopics"/>
  <system-out/>
  <testcase name="B" time="0.002" classname="practice.TestNGTopics"/>
  <system-out/>
</testsuite> <!-- practice.TestNGTopics -->
