<?xml version="1.0" encoding="UTF-8"?>
<!-- Generated by org.testng.reporters.JUnitReportReporter -->
<testsuite skipped="0" hostname="DESKTOP-CTRJ7QU" name="com.crm.autodesk.productsTest.CreateProductTest" tests="1" failures="0" timestamp="2022-03-23T10:24:19 IST" time="17.376" errors="0">
  <testcase name="createProductTest" time="17.376" classname="com.crm.autodesk.productsTest.CreateProductTest"/>
  <system-out/>
</testsuite> <!-- com.crm.autodesk.productsTest.CreateProductTest -->
