<?xml version="1.0" encoding="UTF-8"?>
<!-- Generated by org.testng.reporters.JUnitReportReporter -->
<testsuite skipped="0" hostname="DESKTOP-CTRJ7QU" name="practice.CreateContactWithDataProvider" tests="2" failures="0" timestamp="2022-03-14T12:04:44 IST" time="37.887" errors="0">
  <testcase name="createContact" time="19.685" classname="practice.CreateContactWithDataProvider"/>
  <system-out/>
  <testcase name="createContact" time="18.202" classname="practice.CreateContactWithDataProvider"/>
  <system-out/>
</testsuite> <!-- practice.CreateContactWithDataProvider -->
