<?xml version="1.0" encoding="UTF-8"?>
<!-- Generated by org.testng.reporters.JUnitReportReporter -->
<testsuite skipped="0" hostname="DESKTOP-CTRJ7QU" name="practice.DataDrivenFromTestNgXMLTest" tests="1" failures="0" timestamp="2022-03-28T16:02:56 IST" time="0.013" errors="0">
  <testcase name="getCredentialData" time="0.013" classname="practice.DataDrivenFromTestNgXMLTest"/>
  <system-out/>
</testsuite> <!-- practice.DataDrivenFromTestNgXMLTest -->
