<?xml version="1.0" encoding="UTF-8"?>
<!-- Generated by org.testng.reporters.JUnitReportReporter -->
<testsuite skipped="0" hostname="DESKTOP-CTRJ7QU" name="practice.CreateInvoice" tests="1" failures="0" timestamp="2022-03-15T16:48:27 IST" time="0.000" errors="0">
  <testcase name="createInvoiceWithAmount" time="0.000" classname="practice.CreateInvoice"/>
  <system-out/>
</testsuite> <!-- practice.CreateInvoice -->
