<?xml version="1.0" encoding="UTF-8"?>
<!-- Generated by org.testng.reporters.JUnitReportReporter -->
<testsuite skipped="0" hostname="DESKTOP-CTRJ7QU" name="practice.MultipleDataUsingDataProviderTest" tests="2" failures="0" timestamp="2022-03-14T11:48:50 IST" time="0.007" errors="0">
  <testcase name="multipleData" time="0.003" classname="practice.MultipleDataUsingDataProviderTest"/>
  <system-out/>
  <testcase name="multipleData" time="0.004" classname="practice.MultipleDataUsingDataProviderTest"/>
  <system-out/>
</testsuite> <!-- practice.MultipleDataUsingDataProviderTest -->
