<?xml version="1.0" encoding="UTF-8"?>
<!-- Generated by org.testng.reporters.JUnitReportReporter -->
<testsuite skipped="0" hostname="DESKTOP-CTRJ7QU" name="practice.CreatePurchaseOrder" tests="4" failures="0" timestamp="2022-03-15T16:32:45 IST" time="0.015" errors="0">
  <testcase name="createPOWithAmount" time="0.000" classname="practice.CreatePurchaseOrder"/>
  <system-out/>
  <testcase name="createPOWithDeliveryDate" time="0.000" classname="practice.CreatePurchaseOrder"/>
  <system-out/>
  <testcase name="createPOWithPlace" time="0.015" classname="practice.CreatePurchaseOrder"/>
  <system-out/>
  <testcase name="createPOWithConditions" time="0.000" classname="practice.CreatePurchaseOrder"/>
  <system-out/>
</testsuite> <!-- practice.CreatePurchaseOrder -->
