<?xml version="1.0" encoding="UTF-8"?>
<!-- Generated by org.testng.reporters.JUnitReportReporter -->
<testsuite skipped="0" hostname="DESKTOP-CTRJ7QU" name="com.crm.autodesk.contactTest.CreateContactTest" tests="1" failures="0" timestamp="2022-03-23T10:24:19 IST" time="18.728" errors="0">
  <testcase name="createContactTest" time="18.728" classname="com.crm.autodesk.contactTest.CreateContactTest"/>
  <system-out/>
</testsuite> <!-- com.crm.autodesk.contactTest.CreateContactTest -->
