<?xml version="1.0" encoding="UTF-8"?>
<!-- Generated by org.testng.reporters.JUnitReportReporter -->
<testsuite skipped="0" hostname="DESKTOP-CTRJ7QU" name="com.crm.autodesk.organizationTest.CreateOrganizationWithIndustryAndTypeTest" tests="1" failures="0" timestamp="2022-03-23T10:24:19 IST" time="20.043" errors="0">
  <testcase name="createOrgWithIndusAndTypeTest" time="20.043" classname="com.crm.autodesk.organizationTest.CreateOrganizationWithIndustryAndTypeTest"/>
  <system-out/>
</testsuite> <!-- com.crm.autodesk.organizationTest.CreateOrganizationWithIndustryAndTypeTest -->
