<?xml version="1.0" encoding="UTF-8"?>
<!-- Generated by org.testng.reporters.JUnitReportReporter -->
<testsuite skipped="0" hostname="DESKTOP-CTRJ7QU" name="com.crm.autodesk.organizationTest.CreateOrganizationTest" tests="1" failures="0" timestamp="2022-03-28T10:16:50 IST" time="10.277" errors="0">
  <testcase name="createOrganizationTest" time="10.277" classname="com.crm.autodesk.organizationTest.CreateOrganizationTest"/>
  <system-out/>
</testsuite> <!-- com.crm.autodesk.organizationTest.CreateOrganizationTest -->
