<?xml version="1.0" encoding="UTF-8"?>
<!-- Generated by org.testng.reporters.JUnitReportReporter -->
<testsuite skipped="0" hostname="DESKTOP-CTRJ7QU" name="practice.SoftAssertion" tests="1" failures="0" timestamp="2022-03-16T22:30:32 IST" time="0.014" errors="0">
  <testcase name="softAssertions" time="0.014" classname="practice.SoftAssertion"/>
  <system-out/>
</testsuite> <!-- practice.SoftAssertion -->
