<?xml version="1.0" encoding="UTF-8"?>
<!-- Generated by org.testng.reporters.JUnitReportReporter -->
<testsuite skipped="0" hostname="DESKTOP-CTRJ7QU" name="practice.DataDrivenFromTestNgXML" tests="1" failures="0" timestamp="2022-03-16T14:28:15 IST" time="0.006" errors="0">
  <testcase name="getCredentialData" time="0.006" classname="practice.DataDrivenFromTestNgXML"/>
  <system-out/>
</testsuite> <!-- practice.DataDrivenFromTestNgXML -->
